2019-05-07 17:06:36.684 ERROR 8968 --- [main] o.s.b.c.l.LoggingApplicationListener     : Cannot set level: WARN  for 'web.client'
2019-05-07 17:06:36.899  INFO 8968 --- [main] c.e.d.Application                        : Starting Application on PC-201905062031 with PID 8968 (D:\Eclipse\workSpace\web.client\target\classes started by Administrator in D:\Eclipse\workSpace\web.client)
2019-05-07 17:06:36.899  INFO 8968 --- [main] c.e.d.Application                        : No active profile set, falling back to default profiles: default
2019-05-07 17:06:38.747  INFO 8968 --- [main] trationDelegate$BeanPostProcessorChecker : Bean 'org.springframework.transaction.annotation.ProxyTransactionManagementConfiguration' of type [org.springframework.transaction.annotation.ProxyTransactionManagementConfiguration$$EnhancerBySpringCGLIB$$8c8768e5] is not eligible for getting processed by all BeanPostProcessors (for example: not eligible for auto-proxying)
2019-05-07 17:06:39.505  INFO 8968 --- [main] o.s.b.w.e.t.TomcatWebServer              : Tomcat initialized with port(s): 8080 (http)
2019-05-07 17:06:39.536  INFO 8968 --- [main] o.a.c.c.StandardService                  : Starting service [Tomcat]
2019-05-07 17:06:39.536  INFO 8968 --- [main] o.a.c.c.StandardEngine                   : Starting Servlet Engine: Apache Tomcat/9.0.12
2019-05-07 17:06:39.567  INFO 8968 --- [main] o.a.c.c.AprLifecycleListener             : The APR based Apache Tomcat Native library which allows optimal performance in production environments was not found on the java.library.path: [D:\JAVA\jdk\bin;C:\Windows\Sun\Java\bin;C:\Windows\system32;C:\Windows;D:\JAVA\jdk\jre\bin;D:/JAVA/jdk/bin/../jre/bin/server;D:/JAVA/jdk/bin/../jre/bin;D:/JAVA/jdk/bin/../jre/lib/amd64;C:\Windows\system32;C:\Windows;C:\Windows\System32\Wbem;C:\Windows\System32\WindowsPowerShell\v1.0\;C:\Windows\System32\OpenSSH\;C:\Users\Administrator\AppData\Local\Microsoft\WindowsApps;D:\JAVA\jdk\bin;C:\Program Files\MySQL\MySQL Server 8.0\bin;;D:\Eclipse\eclipse-jee-photon-R-win32-x86_64\eclipse;;.]
2019-05-07 17:06:39.927  INFO 8968 --- [main] o.a.j.s.TldScanner                       : At least one JAR was scanned for TLDs yet contained no TLDs. Enable debug logging for this logger for a complete list of JARs that were scanned but no TLDs were found in them. Skipping unneeded JARs during scanning can improve startup time and JSP compilation time.
2019-05-07 17:06:39.937  INFO 8968 --- [main] o.a.c.c.C.[.[.[.client]                  : Initializing Spring embedded WebApplicationContext
2019-05-07 17:06:39.937  INFO 8968 --- [main] o.s.w.c.ContextLoader                    : Root WebApplicationContext: initialization completed in 2960 ms
2019-05-07 17:06:39.987  INFO 8968 --- [main] o.s.b.w.s.ServletRegistrationBean        : Servlet dispatcherServlet mapped to [/]
2019-05-07 17:06:39.993  INFO 8968 --- [main] o.s.b.w.s.FilterRegistrationBean         : Mapping filter: 'characterEncodingFilter' to: [/*]
2019-05-07 17:06:39.993  INFO 8968 --- [main] o.s.b.w.s.FilterRegistrationBean         : Mapping filter: 'hiddenHttpMethodFilter' to: [/*]
2019-05-07 17:06:39.993  INFO 8968 --- [main] o.s.b.w.s.FilterRegistrationBean         : Mapping filter: 'formContentFilter' to: [/*]
2019-05-07 17:06:39.994  INFO 8968 --- [main] o.s.b.w.s.FilterRegistrationBean         : Mapping filter: 'requestContextFilter' to: [/*]
2019-05-07 17:06:41.070  INFO 8968 --- [main] o.s.s.c.ThreadPoolTaskExecutor           : Initializing ExecutorService 'applicationTaskExecutor'
2019-05-07 17:06:41.198  INFO 8968 --- [main] o.s.b.a.w.s.WelcomePageHandlerMapping    : Adding welcome page template: index
2019-05-07 17:06:41.365  INFO 8968 --- [main] d.s.w.p.DocumentationPluginsBootstrapper : Context refreshed
2019-05-07 17:06:41.412  INFO 8968 --- [main] d.s.w.p.DocumentationPluginsBootstrapper : Found 1 custom documentation plugin(s)
2019-05-07 17:06:41.412  INFO 8968 --- [main] s.d.s.w.s.ApiListingReferenceScanner     : Scanning for api listing references
2019-05-07 17:06:41.678  INFO 8968 --- [main] o.s.b.w.e.t.TomcatWebServer              : Tomcat started on port(s): 8080 (http) with context path '/web.client'
2019-05-07 17:06:41.693  INFO 8968 --- [main] c.e.d.Application                        : Started Application in 5.529 seconds (JVM running for 6.765)
2019-05-07 17:06:58.786  INFO 8968 --- [http-nio-8080-exec-1] o.a.c.c.C.[.[.[.client]                  : Initializing Spring DispatcherServlet 'dispatcherServlet'
2019-05-07 17:06:58.786  INFO 8968 --- [http-nio-8080-exec-1] o.s.w.s.DispatcherServlet                : Initializing Servlet 'dispatcherServlet'
2019-05-07 17:06:58.795  INFO 8968 --- [http-nio-8080-exec-1] o.s.w.s.DispatcherServlet                : Completed initialization in 9 ms
2019-05-07 17:06:58.913  INFO 8968 --- [http-nio-8080-exec-1] c.e.d.a.s.i.UserInfoService              : 登录用户信息UserInfoVO(id=0, userName=null, userTel=11, userPassword=8, userIdNumber=null, userAddress=null, userRegisterDate=null, userOnlineState=null, userRealName=null, userIdCardFront=null, userIdCardReverse=null, userIdCardRunholder=null)
2019-05-07 17:06:58.944  INFO 8968 --- [http-nio-8080-exec-1] c.z.h.HikariDataSource                   : HikariPool-1 - Starting...
2019-05-07 17:06:59.517  INFO 8968 --- [http-nio-8080-exec-1] c.z.h.HikariDataSource                   : HikariPool-1 - Start completed.
2019-05-07 17:06:59.526 DEBUG 8968 --- [http-nio-8080-exec-1] c.e.d.a.d.I.getUserInfoByTel             : ==>  Preparing: SELECT t.`user_id` AS id, t.`user_name` AS userName, t.`user_tel` AS userTel, t.`user_password` AS userPassword, t.`user_id_number` AS userIdNumber, t.`user_address` AS userAddress, t.`user_register_date` AS userRegisterDate, t.`user_online_state` AS userOnlineState, t.`user_real_name` AS userRealName, t.`user_id_card_front` AS userIdCardFront, t.`user_id_card_reverse` AS userIdCardReverse, T.`user_id_card_runholder` AS userIdCardRunholder FROM user_info_t t WHERE t.`user_tel` = ? 
2019-05-07 17:06:59.557 DEBUG 8968 --- [http-nio-8080-exec-1] c.e.d.a.d.I.getUserInfoByTel             : ==> Parameters: 11(String)
2019-05-07 17:06:59.606 DEBUG 8968 --- [http-nio-8080-exec-1] c.e.d.a.d.I.getUserInfoByTel             : <==      Total: 1
2019-05-07 17:07:32.611 ERROR 9120 --- [main] o.s.b.c.l.LoggingApplicationListener     : Cannot set level: WARN  for 'web.client'
2019-05-07 17:07:32.825  INFO 9120 --- [main] c.e.d.Application                        : Starting Application on PC-201905062031 with PID 9120 (D:\Eclipse\workSpace\web.client\target\classes started by Administrator in D:\Eclipse\workSpace\web.client)
2019-05-07 17:07:32.825  INFO 9120 --- [main] c.e.d.Application                        : No active profile set, falling back to default profiles: default
2019-05-07 17:07:34.684  INFO 9120 --- [main] trationDelegate$BeanPostProcessorChecker : Bean 'org.springframework.transaction.annotation.ProxyTransactionManagementConfiguration' of type [org.springframework.transaction.annotation.ProxyTransactionManagementConfiguration$$EnhancerBySpringCGLIB$$bf7b19c0] is not eligible for getting processed by all BeanPostProcessors (for example: not eligible for auto-proxying)
2019-05-07 17:07:35.562  INFO 9120 --- [main] o.s.b.w.e.t.TomcatWebServer              : Tomcat initialized with port(s): 8080 (http)
2019-05-07 17:07:35.609  INFO 9120 --- [main] o.a.c.c.StandardService                  : Starting service [Tomcat]
2019-05-07 17:07:35.609  INFO 9120 --- [main] o.a.c.c.StandardEngine                   : Starting Servlet Engine: Apache Tomcat/9.0.12
2019-05-07 17:07:35.625  INFO 9120 --- [main] o.a.c.c.AprLifecycleListener             : The APR based Apache Tomcat Native library which allows optimal performance in production environments was not found on the java.library.path: [D:\JAVA\jdk\bin;C:\Windows\Sun\Java\bin;C:\Windows\system32;C:\Windows;D:\JAVA\jdk\jre\bin;D:/JAVA/jdk/bin/../jre/bin/server;D:/JAVA/jdk/bin/../jre/bin;D:/JAVA/jdk/bin/../jre/lib/amd64;C:\Windows\system32;C:\Windows;C:\Windows\System32\Wbem;C:\Windows\System32\WindowsPowerShell\v1.0\;C:\Windows\System32\OpenSSH\;C:\Users\Administrator\AppData\Local\Microsoft\WindowsApps;D:\JAVA\jdk\bin;C:\Program Files\MySQL\MySQL Server 8.0\bin;;D:\Eclipse\eclipse-jee-photon-R-win32-x86_64\eclipse;;.]
2019-05-07 17:07:35.992  INFO 9120 --- [main] o.a.j.s.TldScanner                       : At least one JAR was scanned for TLDs yet contained no TLDs. Enable debug logging for this logger for a complete list of JARs that were scanned but no TLDs were found in them. Skipping unneeded JARs during scanning can improve startup time and JSP compilation time.
2019-05-07 17:07:36.000  INFO 9120 --- [main] o.a.c.c.C.[.[.[.client]                  : Initializing Spring embedded WebApplicationContext
2019-05-07 17:07:36.000  INFO 9120 --- [main] o.s.w.c.ContextLoader                    : Root WebApplicationContext: initialization completed in 3112 ms
2019-05-07 17:07:36.062  INFO 9120 --- [main] o.s.b.w.s.ServletRegistrationBean        : Servlet dispatcherServlet mapped to [/]
2019-05-07 17:07:36.062  INFO 9120 --- [main] o.s.b.w.s.FilterRegistrationBean         : Mapping filter: 'characterEncodingFilter' to: [/*]
2019-05-07 17:07:36.062  INFO 9120 --- [main] o.s.b.w.s.FilterRegistrationBean         : Mapping filter: 'hiddenHttpMethodFilter' to: [/*]
2019-05-07 17:07:36.062  INFO 9120 --- [main] o.s.b.w.s.FilterRegistrationBean         : Mapping filter: 'formContentFilter' to: [/*]
2019-05-07 17:07:36.062  INFO 9120 --- [main] o.s.b.w.s.FilterRegistrationBean         : Mapping filter: 'requestContextFilter' to: [/*]
2019-05-07 17:07:37.165  INFO 9120 --- [main] o.s.s.c.ThreadPoolTaskExecutor           : Initializing ExecutorService 'applicationTaskExecutor'
2019-05-07 17:07:37.329  INFO 9120 --- [main] o.s.b.a.w.s.WelcomePageHandlerMapping    : Adding welcome page template: index
2019-05-07 17:07:37.485  INFO 9120 --- [main] d.s.w.p.DocumentationPluginsBootstrapper : Context refreshed
2019-05-07 17:07:37.532  INFO 9120 --- [main] d.s.w.p.DocumentationPluginsBootstrapper : Found 1 custom documentation plugin(s)
2019-05-07 17:07:37.532  INFO 9120 --- [main] s.d.s.w.s.ApiListingReferenceScanner     : Scanning for api listing references
2019-05-07 17:07:37.766  INFO 9120 --- [main] o.s.b.w.e.t.TomcatWebServer              : Tomcat started on port(s): 8080 (http) with context path '/web.client'
2019-05-07 17:07:37.782  INFO 9120 --- [main] c.e.d.Application                        : Started Application in 5.649 seconds (JVM running for 6.869)
2019-05-07 17:07:55.339  INFO 9120 --- [http-nio-8080-exec-1] o.a.c.c.C.[.[.[.client]                  : Initializing Spring DispatcherServlet 'dispatcherServlet'
2019-05-07 17:07:55.339  INFO 9120 --- [http-nio-8080-exec-1] o.s.w.s.DispatcherServlet                : Initializing Servlet 'dispatcherServlet'
2019-05-07 17:07:55.349  INFO 9120 --- [http-nio-8080-exec-1] o.s.w.s.DispatcherServlet                : Completed initialization in 10 ms
2019-05-07 17:07:55.465  INFO 9120 --- [http-nio-8080-exec-1] c.e.d.a.s.i.UserInfoService              : 登录用户信息UserInfoVO(id=0, userName=null, userTel=11, userPassword=8, userIdNumber=null, userAddress=null, userRegisterDate=null, userOnlineState=null, userRealName=null, userIdCardFront=null, userIdCardReverse=null, userIdCardRunholder=null)
2019-05-07 17:07:55.505  INFO 9120 --- [http-nio-8080-exec-1] c.z.h.HikariDataSource                   : HikariPool-1 - Starting...
2019-05-07 17:07:56.107  INFO 9120 --- [http-nio-8080-exec-1] c.z.h.HikariDataSource                   : HikariPool-1 - Start completed.
2019-05-07 17:07:56.120 DEBUG 9120 --- [http-nio-8080-exec-1] c.e.d.a.d.I.getUserInfoByTel             : ==>  Preparing: SELECT t.`user_id` AS id, t.`user_name` AS userName, t.`user_tel` AS userTel, t.`user_password` AS userPassword, t.`user_id_number` AS userIdNumber, t.`user_address` AS userAddress, t.`user_register_date` AS userRegisterDate, t.`user_online_state` AS userOnlineState, t.`user_real_name` AS userRealName, t.`user_id_card_front` AS userIdCardFront, t.`user_id_card_reverse` AS userIdCardReverse, T.`user_id_card_runholder` AS userIdCardRunholder FROM user_info_t t WHERE t.`user_tel` = ? 
2019-05-07 17:07:56.157 DEBUG 9120 --- [http-nio-8080-exec-1] c.e.d.a.d.I.getUserInfoByTel             : ==> Parameters: 11(String)
2019-05-07 17:07:56.198 DEBUG 9120 --- [http-nio-8080-exec-1] c.e.d.a.d.I.getUserInfoByTel             : <==      Total: 1
2019-05-07 17:16:16.992 ERROR 8092 --- [main] o.s.b.c.l.LoggingApplicationListener     : Cannot set level: WARN  for 'web.client'
2019-05-07 17:16:17.196  INFO 8092 --- [main] c.e.d.Application                        : Starting Application on PC-201905062031 with PID 8092 (D:\Eclipse\workSpace\web.client\target\classes started by Administrator in D:\Eclipse\workSpace\web.client)
2019-05-07 17:16:17.196  INFO 8092 --- [main] c.e.d.Application                        : No active profile set, falling back to default profiles: default
2019-05-07 17:16:18.887  INFO 8092 --- [main] trationDelegate$BeanPostProcessorChecker : Bean 'org.springframework.transaction.annotation.ProxyTransactionManagementConfiguration' of type [org.springframework.transaction.annotation.ProxyTransactionManagementConfiguration$$EnhancerBySpringCGLIB$$87192566] is not eligible for getting processed by all BeanPostProcessors (for example: not eligible for auto-proxying)
2019-05-07 17:16:19.583  INFO 8092 --- [main] o.s.b.w.e.t.TomcatWebServer              : Tomcat initialized with port(s): 8080 (http)
2019-05-07 17:16:19.614  INFO 8092 --- [main] o.a.c.c.StandardService                  : Starting service [Tomcat]
2019-05-07 17:16:19.614  INFO 8092 --- [main] o.a.c.c.StandardEngine                   : Starting Servlet Engine: Apache Tomcat/9.0.12
2019-05-07 17:16:19.630  INFO 8092 --- [main] o.a.c.c.AprLifecycleListener             : The APR based Apache Tomcat Native library which allows optimal performance in production environments was not found on the java.library.path: [D:\JAVA\jdk\bin;C:\Windows\Sun\Java\bin;C:\Windows\system32;C:\Windows;D:\JAVA\jdk\jre\bin;D:/JAVA/jdk/bin/../jre/bin/server;D:/JAVA/jdk/bin/../jre/bin;D:/JAVA/jdk/bin/../jre/lib/amd64;C:\Windows\system32;C:\Windows;C:\Windows\System32\Wbem;C:\Windows\System32\WindowsPowerShell\v1.0\;C:\Windows\System32\OpenSSH\;C:\Users\Administrator\AppData\Local\Microsoft\WindowsApps;D:\JAVA\jdk\bin;C:\Program Files\MySQL\MySQL Server 8.0\bin;;D:\Eclipse\eclipse-jee-photon-R-win32-x86_64\eclipse;;.]
2019-05-07 17:16:19.993  INFO 8092 --- [main] o.a.j.s.TldScanner                       : At least one JAR was scanned for TLDs yet contained no TLDs. Enable debug logging for this logger for a complete list of JARs that were scanned but no TLDs were found in them. Skipping unneeded JARs during scanning can improve startup time and JSP compilation time.
2019-05-07 17:16:20.008  INFO 8092 --- [main] o.a.c.c.C.[.[.[.client]                  : Initializing Spring embedded WebApplicationContext
2019-05-07 17:16:20.008  INFO 8092 --- [main] o.s.w.c.ContextLoader                    : Root WebApplicationContext: initialization completed in 2739 ms
2019-05-07 17:16:20.039  INFO 8092 --- [main] o.s.b.w.s.ServletRegistrationBean        : Servlet dispatcherServlet mapped to [/]
2019-05-07 17:16:20.054  INFO 8092 --- [main] o.s.b.w.s.FilterRegistrationBean         : Mapping filter: 'characterEncodingFilter' to: [/*]
2019-05-07 17:16:20.054  INFO 8092 --- [main] o.s.b.w.s.FilterRegistrationBean         : Mapping filter: 'hiddenHttpMethodFilter' to: [/*]
2019-05-07 17:16:20.054  INFO 8092 --- [main] o.s.b.w.s.FilterRegistrationBean         : Mapping filter: 'formContentFilter' to: [/*]
2019-05-07 17:16:20.054  INFO 8092 --- [main] o.s.b.w.s.FilterRegistrationBean         : Mapping filter: 'requestContextFilter' to: [/*]
2019-05-07 17:16:21.132  INFO 8092 --- [main] o.s.s.c.ThreadPoolTaskExecutor           : Initializing ExecutorService 'applicationTaskExecutor'
2019-05-07 17:16:21.272  INFO 8092 --- [main] o.s.b.a.w.s.WelcomePageHandlerMapping    : Adding welcome page template: index
2019-05-07 17:16:21.443  INFO 8092 --- [main] d.s.w.p.DocumentationPluginsBootstrapper : Context refreshed
2019-05-07 17:16:21.458  INFO 8092 --- [main] d.s.w.p.DocumentationPluginsBootstrapper : Found 1 custom documentation plugin(s)
2019-05-07 17:16:21.474  INFO 8092 --- [main] s.d.s.w.s.ApiListingReferenceScanner     : Scanning for api listing references
2019-05-07 17:16:21.708  INFO 8092 --- [main] o.s.b.w.e.t.TomcatWebServer              : Tomcat started on port(s): 8080 (http) with context path '/web.client'
2019-05-07 17:16:21.708  INFO 8092 --- [main] c.e.d.Application                        : Started Application in 5.203 seconds (JVM running for 6.467)
2019-05-07 19:53:42.837  INFO 8092 --- [http-nio-8080-exec-1] o.a.c.c.C.[.[.[.client]                  : Initializing Spring DispatcherServlet 'dispatcherServlet'
2019-05-07 19:53:42.847  INFO 8092 --- [http-nio-8080-exec-1] o.s.w.s.DispatcherServlet                : Initializing Servlet 'dispatcherServlet'
2019-05-07 19:53:42.857  INFO 8092 --- [http-nio-8080-exec-1] o.s.w.s.DispatcherServlet                : Completed initialization in 10 ms
2019-05-07 19:59:49.288 ERROR 14468 --- [main] o.s.b.c.l.LoggingApplicationListener     : Cannot set level: WARN  for 'web.client'
2019-05-07 19:59:49.488  INFO 14468 --- [main] c.e.d.Application                        : Starting Application on PC-201905062031 with PID 14468 (D:\Eclipse\workSpace\web.client\target\classes started by Administrator in D:\Eclipse\workSpace\web.client)
2019-05-07 19:59:49.488  INFO 14468 --- [main] c.e.d.Application                        : No active profile set, falling back to default profiles: default
2019-05-07 19:59:51.146  INFO 14468 --- [main] trationDelegate$BeanPostProcessorChecker : Bean 'org.springframework.transaction.annotation.ProxyTransactionManagementConfiguration' of type [org.springframework.transaction.annotation.ProxyTransactionManagementConfiguration$$EnhancerBySpringCGLIB$$f5c53910] is not eligible for getting processed by all BeanPostProcessors (for example: not eligible for auto-proxying)
2019-05-07 19:59:51.925  INFO 14468 --- [main] o.s.b.w.e.t.TomcatWebServer              : Tomcat initialized with port(s): 8080 (http)
2019-05-07 19:59:51.972  INFO 14468 --- [main] o.a.c.c.StandardService                  : Starting service [Tomcat]
2019-05-07 19:59:51.972  INFO 14468 --- [main] o.a.c.c.StandardEngine                   : Starting Servlet Engine: Apache Tomcat/9.0.12
2019-05-07 19:59:52.003  INFO 14468 --- [main] o.a.c.c.AprLifecycleListener             : The APR based Apache Tomcat Native library which allows optimal performance in production environments was not found on the java.library.path: [D:\JAVA\jdk\bin;C:\Windows\Sun\Java\bin;C:\Windows\system32;C:\Windows;D:\JAVA\jdk\jre\bin;D:/JAVA/jdk/bin/../jre/bin/server;D:/JAVA/jdk/bin/../jre/bin;D:/JAVA/jdk/bin/../jre/lib/amd64;C:\Windows\system32;C:\Windows;C:\Windows\System32\Wbem;C:\Windows\System32\WindowsPowerShell\v1.0\;C:\Windows\System32\OpenSSH\;C:\Users\Administrator\AppData\Local\Microsoft\WindowsApps;D:\JAVA\jdk\bin;C:\Program Files\MySQL\MySQL Server 8.0\bin;;D:\Eclipse\eclipse-jee-photon-R-win32-x86_64\eclipse;;.]
2019-05-07 19:59:52.362  INFO 14468 --- [main] o.a.j.s.TldScanner                       : At least one JAR was scanned for TLDs yet contained no TLDs. Enable debug logging for this logger for a complete list of JARs that were scanned but no TLDs were found in them. Skipping unneeded JARs during scanning can improve startup time and JSP compilation time.
2019-05-07 19:59:52.373  INFO 14468 --- [main] o.a.c.c.C.[.[.[.client]                  : Initializing Spring embedded WebApplicationContext
2019-05-07 19:59:52.373  INFO 14468 --- [main] o.s.w.c.ContextLoader                    : Root WebApplicationContext: initialization completed in 2822 ms
2019-05-07 19:59:52.404  INFO 14468 --- [main] o.s.b.w.s.ServletRegistrationBean        : Servlet dispatcherServlet mapped to [/]
2019-05-07 19:59:52.420  INFO 14468 --- [main] o.s.b.w.s.FilterRegistrationBean         : Mapping filter: 'characterEncodingFilter' to: [/*]
2019-05-07 19:59:52.420  INFO 14468 --- [main] o.s.b.w.s.FilterRegistrationBean         : Mapping filter: 'hiddenHttpMethodFilter' to: [/*]
2019-05-07 19:59:52.420  INFO 14468 --- [main] o.s.b.w.s.FilterRegistrationBean         : Mapping filter: 'formContentFilter' to: [/*]
2019-05-07 19:59:52.420  INFO 14468 --- [main] o.s.b.w.s.FilterRegistrationBean         : Mapping filter: 'requestContextFilter' to: [/*]
2019-05-07 19:59:53.514  INFO 14468 --- [main] o.s.s.c.ThreadPoolTaskExecutor           : Initializing ExecutorService 'applicationTaskExecutor'
2019-05-07 19:59:53.669  INFO 14468 --- [main] o.s.b.a.w.s.WelcomePageHandlerMapping    : Adding welcome page: ServletContext resource [/index.html]
2019-05-07 19:59:53.853  INFO 14468 --- [main] d.s.w.p.DocumentationPluginsBootstrapper : Context refreshed
2019-05-07 19:59:53.884  INFO 14468 --- [main] d.s.w.p.DocumentationPluginsBootstrapper : Found 1 custom documentation plugin(s)
2019-05-07 19:59:53.899  INFO 14468 --- [main] s.d.s.w.s.ApiListingReferenceScanner     : Scanning for api listing references
2019-05-07 19:59:54.149  INFO 14468 --- [main] o.s.b.w.e.t.TomcatWebServer              : Tomcat started on port(s): 8080 (http) with context path '/web.client'
2019-05-07 19:59:54.165  INFO 14468 --- [main] c.e.d.Application                        : Started Application in 5.298 seconds (JVM running for 6.498)
2019-05-07 20:00:03.892  INFO 14468 --- [http-nio-8080-exec-1] o.a.c.c.C.[.[.[.client]                  : Initializing Spring DispatcherServlet 'dispatcherServlet'
2019-05-07 20:00:03.892  INFO 14468 --- [http-nio-8080-exec-1] o.s.w.s.DispatcherServlet                : Initializing Servlet 'dispatcherServlet'
2019-05-07 20:00:03.904  INFO 14468 --- [http-nio-8080-exec-1] o.s.w.s.DispatcherServlet                : Completed initialization in 12 ms
